f:\学习笔记\c++\paho.mqtt.c\build\src\paho-mqtt3as.dir\debug\vc142.pdb
f:\学习笔记\c++\paho.mqtt.c\build\src\paho-mqtt3as.dir\debug\sslsocket.obj
f:\学习笔记\c++\paho.mqtt.c\build\src\paho-mqtt3as.dir\debug\mqttasync.obj
f:\学习笔记\c++\paho.mqtt.c\build\src\cmakefiles\generate.stamp
f:\学习笔记\c++\paho.mqtt.c\install\lib\paho-mqtt3as.ilk
f:\学习笔记\c++\paho.mqtt.c\install\lib\paho-mqtt3as.dll
f:\学习笔记\c++\paho.mqtt.c\build\src\debug\paho-mqtt3as.pdb
f:\学习笔记\c++\paho.mqtt.c\build\src\debug\paho-mqtt3as.lib
f:\学习笔记\c++\paho.mqtt.c\build\src\debug\paho-mqtt3as.exp
f:\学习笔记\c++\paho.mqtt.c\build\src\..\..\install\lib\paho-mqtt3as.dll
f:\学习笔记\c++\paho.mqtt.c\build\src\paho-mqtt3as.dir\debug\paho-mqtt3as.tlog\cl.command.1.tlog
f:\学习笔记\c++\paho.mqtt.c\build\src\paho-mqtt3as.dir\debug\paho-mqtt3as.tlog\cl.read.1.tlog
f:\学习笔记\c++\paho.mqtt.c\build\src\paho-mqtt3as.dir\debug\paho-mqtt3as.tlog\cl.write.1.tlog
f:\学习笔记\c++\paho.mqtt.c\build\src\paho-mqtt3as.dir\debug\paho-mqtt3as.tlog\custombuild.command.1.tlog
f:\学习笔记\c++\paho.mqtt.c\build\src\paho-mqtt3as.dir\debug\paho-mqtt3as.tlog\custombuild.read.1.tlog
f:\学习笔记\c++\paho.mqtt.c\build\src\paho-mqtt3as.dir\debug\paho-mqtt3as.tlog\custombuild.write.1.tlog
f:\学习笔记\c++\paho.mqtt.c\build\src\paho-mqtt3as.dir\debug\paho-mqtt3as.tlog\link.command.1.tlog
f:\学习笔记\c++\paho.mqtt.c\build\src\paho-mqtt3as.dir\debug\paho-mqtt3as.tlog\link.read.1.tlog
f:\学习笔记\c++\paho.mqtt.c\build\src\paho-mqtt3as.dir\debug\paho-mqtt3as.tlog\link.write.1.tlog
f:\学习笔记\c++\paho.mqtt.c\build\src\paho-mqtt3as.dir\debug\paho-mqtt3as.tlog\paho-mqtt3as.write.1u.tlog
