f:\学习笔记\c++\paho.mqtt.c\build\src\paho-mqtt3cs.dir\debug\vc142.pdb
f:\学习笔记\c++\paho.mqtt.c\build\src\paho-mqtt3cs.dir\debug\sslsocket.obj
f:\学习笔记\c++\paho.mqtt.c\build\src\paho-mqtt3cs.dir\debug\mqttclient.obj
f:\学习笔记\c++\paho.mqtt.c\build\src\cmakefiles\generate.stamp
f:\学习笔记\c++\paho.mqtt.c\install\lib\paho-mqtt3cs.ilk
f:\学习笔记\c++\paho.mqtt.c\install\lib\paho-mqtt3cs.dll
f:\学习笔记\c++\paho.mqtt.c\build\src\debug\paho-mqtt3cs.pdb
f:\学习笔记\c++\paho.mqtt.c\build\src\debug\paho-mqtt3cs.lib
f:\学习笔记\c++\paho.mqtt.c\build\src\debug\paho-mqtt3cs.exp
f:\学习笔记\c++\paho.mqtt.c\build\src\..\..\install\lib\paho-mqtt3cs.dll
f:\学习笔记\c++\paho.mqtt.c\build\src\paho-mqtt3cs.dir\debug\paho-mqtt3cs.tlog\cl.command.1.tlog
f:\学习笔记\c++\paho.mqtt.c\build\src\paho-mqtt3cs.dir\debug\paho-mqtt3cs.tlog\cl.read.1.tlog
f:\学习笔记\c++\paho.mqtt.c\build\src\paho-mqtt3cs.dir\debug\paho-mqtt3cs.tlog\cl.write.1.tlog
f:\学习笔记\c++\paho.mqtt.c\build\src\paho-mqtt3cs.dir\debug\paho-mqtt3cs.tlog\custombuild.command.1.tlog
f:\学习笔记\c++\paho.mqtt.c\build\src\paho-mqtt3cs.dir\debug\paho-mqtt3cs.tlog\custombuild.read.1.tlog
f:\学习笔记\c++\paho.mqtt.c\build\src\paho-mqtt3cs.dir\debug\paho-mqtt3cs.tlog\custombuild.write.1.tlog
f:\学习笔记\c++\paho.mqtt.c\build\src\paho-mqtt3cs.dir\debug\paho-mqtt3cs.tlog\link.command.1.tlog
f:\学习笔记\c++\paho.mqtt.c\build\src\paho-mqtt3cs.dir\debug\paho-mqtt3cs.tlog\link.read.1.tlog
f:\学习笔记\c++\paho.mqtt.c\build\src\paho-mqtt3cs.dir\debug\paho-mqtt3cs.tlog\link.write.1.tlog
f:\学习笔记\c++\paho.mqtt.c\build\src\paho-mqtt3cs.dir\debug\paho-mqtt3cs.tlog\paho-mqtt3cs.write.1u.tlog
