f:\学习笔记\c++\paho.mqtt.c\build\src\common_obj.dir\debug\common_obj.pdb
f:\学习笔记\c++\paho.mqtt.c\build\src\common_obj.dir\debug\base64.obj
f:\学习笔记\c++\paho.mqtt.c\build\src\common_obj.dir\debug\mqttreasoncodes.obj
f:\学习笔记\c++\paho.mqtt.c\build\src\common_obj.dir\debug\mqttproperties.obj
f:\学习笔记\c++\paho.mqtt.c\build\src\common_obj.dir\debug\linkedlist.obj
f:\学习笔记\c++\paho.mqtt.c\build\src\common_obj.dir\debug\heap.obj
f:\学习笔记\c++\paho.mqtt.c\build\src\common_obj.dir\debug\socketbuffer.obj
f:\学习笔记\c++\paho.mqtt.c\build\src\common_obj.dir\debug\mqttpersistencedefault.obj
f:\学习笔记\c++\paho.mqtt.c\build\src\common_obj.dir\debug\mqttprotocolout.obj
f:\学习笔记\c++\paho.mqtt.c\build\src\common_obj.dir\debug\thread.obj
f:\学习笔记\c++\paho.mqtt.c\build\src\common_obj.dir\debug\mqttpersistence.obj
f:\学习笔记\c++\paho.mqtt.c\build\src\common_obj.dir\debug\log.obj
f:\学习笔记\c++\paho.mqtt.c\build\src\common_obj.dir\debug\socket.obj
f:\学习笔记\c++\paho.mqtt.c\build\src\common_obj.dir\debug\tree.obj
f:\学习笔记\c++\paho.mqtt.c\build\src\common_obj.dir\debug\messages.obj
f:\学习笔记\c++\paho.mqtt.c\build\src\common_obj.dir\debug\mqttpacketout.obj
f:\学习笔记\c++\paho.mqtt.c\build\src\common_obj.dir\debug\mqttpacket.obj
f:\学习笔记\c++\paho.mqtt.c\build\src\common_obj.dir\debug\stacktrace.obj
f:\学习笔记\c++\paho.mqtt.c\build\src\common_obj.dir\debug\utf-8.obj
f:\学习笔记\c++\paho.mqtt.c\build\src\common_obj.dir\debug\clients.obj
f:\学习笔记\c++\paho.mqtt.c\build\src\common_obj.dir\debug\mqttprotocolclient.obj
f:\学习笔记\c++\paho.mqtt.c\build\src\common_obj.dir\debug\websocket.obj
f:\学习笔记\c++\paho.mqtt.c\build\src\common_obj.dir\debug\sha1.obj
f:\学习笔记\c++\paho.mqtt.c\build\src\cmakefiles\generate.stamp
f:\学习笔记\c++\paho.mqtt.c\install\lib\common_obj.lib
f:\学习笔记\c++\paho.mqtt.c\build\src\..\..\install\lib\common_obj.lib
f:\学习笔记\c++\paho.mqtt.c\build\src\common_obj.dir\debug\common_obj.tlog\cl.command.1.tlog
f:\学习笔记\c++\paho.mqtt.c\build\src\common_obj.dir\debug\common_obj.tlog\cl.read.1.tlog
f:\学习笔记\c++\paho.mqtt.c\build\src\common_obj.dir\debug\common_obj.tlog\cl.write.1.tlog
f:\学习笔记\c++\paho.mqtt.c\build\src\common_obj.dir\debug\common_obj.tlog\custombuild.command.1.tlog
f:\学习笔记\c++\paho.mqtt.c\build\src\common_obj.dir\debug\common_obj.tlog\custombuild.read.1.tlog
f:\学习笔记\c++\paho.mqtt.c\build\src\common_obj.dir\debug\common_obj.tlog\custombuild.write.1.tlog
f:\学习笔记\c++\paho.mqtt.c\build\src\common_obj.dir\debug\common_obj.tlog\lib-link.read.1.tlog
f:\学习笔记\c++\paho.mqtt.c\build\src\common_obj.dir\debug\common_obj.tlog\lib-link.write.1.tlog
f:\学习笔记\c++\paho.mqtt.c\build\src\common_obj.dir\debug\common_obj.tlog\lib.command.1.tlog
