C:\Program Files (x86)\Microsoft Visual Studio\2019\Professional\MSBuild\Microsoft\VC\v160\Microsoft.CppBuild.targets(438,5): warning MSB8004: Output Directory does not end with a trailing slash.  This build instance will add the slash as it is required to allow proper evaluation of the Output Directory.
  Building Custom Rule F:/学习笔记/C++/paho.mqtt.c/src/CMakeLists.txt
  MQTTProtocolClient.c
  Clients.c
  utf-8.c
  StackTrace.c
  MQTTPacket.c
  MQTTPacketOut.c
  Messages.c
  Tree.c
  Socket.c
  Log.c
  MQTTPersistence.c
  Thread.c
  MQTTProtocolOut.c
  MQTTPersistenceDefault.c
  SocketBuffer.c
  Heap.c
  LinkedList.c
  MQTTProperties.c
  MQTTReasonCodes.c
  Base64.c
  正在生成代码...
  正在编译...
  SHA1.c
  WebSocket.c
  正在生成代码...
F:\学习笔记\C++\paho.mqtt.c\src\WebSocket.c(201,13): warning C4013:  “RAND_bytes”未定义；假设外部返回 int
  common_ssl_obj.vcxproj -> F:\学习笔记\C++\paho.mqtt.c\build\src\..\..\install\bin\common_ssl_obj.lib
